Arguments: 
  /usr/bin/node /usr/local/bin/yarn install

PATH: 
  /home/gdp/.local/bin:/home/gdp/.local/bin:/usr/local/sbin:/home/gdp/flutter/bin:/home/gdp/Android/Sdk:/usr/local/bin:/usr/sbin:/usr/bin:/sbin:/bin:/usr/games:/usr/local/games:/snap/bin:/home/gdp/flutter/bin:/home/gdp/Android/Sdk/tools:/home/gdp/Android/Sdk/platform-tools:/opt/gradle/gradle-5.2.1/bin:/home/gdp/Scrivania/flybnb/flyBnb/flutter/bin:/home/gdp/Android/Sdk/tools:/home/gdp/Android/Sdk/platform-tools:/opt/gradle/gradle-5.2.1/bin

Yarn version: 
  1.22.4

Node version: 
  10.19.0

Platform: 
  linux x64

Trace: 
  Error: EACCES: permission denied, mkdir '/home/gdp/Scrivania/flybnb/flyBnb/node_modules/@react-native-community/cli/node_modules/pretty-format/node_modules'

npm manifest: 
  {
    "main": "node_modules/expo/AppEntry.js",
    "scripts": {
      "start": "expo start",
      "android": "expo start --android",
      "ios": "expo start --ios",
      "web": "expo start --web",
      "eject": "expo eject"
    },
    "dependencies": {
      "@react-native-community/async-storage": "^1.12.0",
      "@react-native-community/datetimepicker": "2.2.2",
      "@react-native-community/masked-view": "0.1.6",
      "@react-navigation/bottom-tabs": "^5.5.2",
      "@react-navigation/drawer": "^5.8.4",
      "@react-navigation/material-bottom-tabs": "^5.2.12",
      "@react-navigation/material-top-tabs": "^5.2.12",
      "@react-navigation/native": "^5.5.1",
      "@react-navigation/stack": "^5.5.1",
      "anonymous-files": "^1.0.1",
      "axios": "^0.19.2",
      "expo": "~37.0.3",
      "expo-image-picker": "~8.1.0",
      "moment": "^2.27.0",
      "prop-types": "^15.7.2",
      "react": "~16.9.0",
      "react-country-region-selector": "^2.1.0",
      "react-dom": "~16.9.0",
      "react-native": "https://github.com/expo/react-native/archive/sdk-37.0.1.tar.gz",
      "react-native-calendar-picker": "^6.1.4",
      "react-native-calendars": "^1.300.0",
      "react-native-datepicker": "^1.7.2",
      "react-native-dropdown-picker": "^3.0.5",
      "react-native-elements": "^2.3.2",
      "react-native-gesture-handler": "~1.6.0",
      "react-native-material-dropdown": "^0.11.1",
      "react-native-paper": "^3.10.1",
      "react-native-reanimated": "~1.7.0",
      "react-native-responsive-screen": "^1.4.1",
      "react-native-safe-area-context": "0.7.3",
      "react-native-screens": "~2.2.0",
      "react-native-tab-view": "^2.14.4",
      "react-native-web": "~0.11.7",
      "react-navigation": "^4.3.9",
      "react-navigation-tabs": "^2.8.13"
    },
    "devDependencies": {
      "@babel/core": "^7.8.6",
      "babel-preset-expo": "~8.1.0"
    },
    "private": true
  }

yarn manifest: 
  No manifest

Lockfile: 
  No lockfile
